<?xml version="1.0" encoding="UTF-8"?>
<coverage generated="1601784627394" clover="3.2.0">
  <project timestamp="1601784627394" name="All files">
    <metrics statements="53" coveredstatements="47" conditionals="23" coveredconditionals="15" methods="10" coveredmethods="8" elements="86" coveredelements="70" complexity="0" loc="53" ncloc="53" packages="2" files="4" classes="4"/>
    <package name="inherit">
      <metrics statements="10" coveredstatements="10" conditionals="4" coveredconditionals="4" methods="1" coveredmethods="1"/>
      <file name="index.ts" path="D:\作品\javascrpit庫\privateJs\packages\core\src\inherit\index.ts">
        <metrics statements="10" coveredstatements="10" conditionals="4" coveredconditionals="4" methods="1" coveredmethods="1"/>
        <line num="1" count="1" type="stmt"/>
        <line num="2" count="1" type="stmt"/>
        <line num="3" count="1" type="stmt"/>
        <line num="5" count="1" type="stmt"/>
        <line num="6" count="1" type="stmt"/>
        <line num="7" count="1" type="stmt"/>
        <line num="8" count="3" type="cond" truecount="2" falsecount="0"/>
        <line num="9" count="2" type="cond" truecount="2" falsecount="0"/>
        <line num="10" count="1" type="stmt"/>
        <line num="14" count="1" type="stmt"/>
      </file>
    </package>
    <package name="instance">
      <metrics statements="43" coveredstatements="37" conditionals="19" coveredconditionals="11" methods="9" coveredmethods="7"/>
      <file name="body.ts" path="D:\作品\javascrpit庫\privateJs\packages\core\src\instance\body.ts">
        <metrics statements="11" coveredstatements="11" conditionals="0" coveredconditionals="0" methods="2" coveredmethods="2"/>
        <line num="2" count="2" type="stmt"/>
        <line num="4" count="2" type="stmt"/>
        <line num="5" count="4" type="stmt"/>
        <line num="6" count="4" type="stmt"/>
        <line num="7" count="4" type="stmt"/>
        <line num="8" count="5" type="stmt"/>
        <line num="10" count="4" type="stmt"/>
        <line num="11" count="7" type="stmt"/>
        <line num="13" count="4" type="stmt"/>
        <line num="16" count="2" type="stmt"/>
        <line num="17" count="1" type="stmt"/>
      </file>
      <file name="help.ts" path="D:\作品\javascrpit庫\privateJs\packages\core\src\instance\help.ts">
        <metrics statements="16" coveredstatements="10" conditionals="11" coveredconditionals="3" methods="4" coveredmethods="2"/>
        <line num="5" count="2" type="stmt"/>
        <line num="6" count="0" type="cond" truecount="0" falsecount="2"/>
        <line num="11" count="0" type="stmt"/>
        <line num="13" count="0" type="stmt"/>
        <line num="18" count="2" type="stmt"/>
        <line num="19" count="0" type="cond" truecount="0" falsecount="2"/>
        <line num="20" count="0" type="stmt"/>
        <line num="24" count="2" type="stmt"/>
        <line num="25" count="9" type="stmt"/>
        <line num="28" count="2" type="stmt"/>
        <line num="29" count="2" type="stmt"/>
        <line num="30" count="2" type="stmt"/>
        <line num="31" count="2" type="cond" truecount="1" falsecount="1"/>
        <line num="33" count="0" type="stmt"/>
        <line num="35" count="2" type="stmt"/>
        <line num="37" count="2" type="cond" truecount="2" falsecount="0"/>
      </file>
      <file name="private.ts" path="D:\作品\javascrpit庫\privateJs\packages\core\src\instance\private.ts">
        <metrics statements="16" coveredstatements="16" conditionals="8" coveredconditionals="8" methods="3" coveredmethods="3"/>
        <line num="1" count="2" type="stmt"/>
        <line num="4" count="12" type="cond" truecount="2" falsecount="0"/>
        <line num="5" count="9" type="cond" truecount="2" falsecount="0"/>
        <line num="6" count="5" type="stmt"/>
        <line num="8" count="4" type="stmt"/>
        <line num="11" count="7" type="stmt"/>
        <line num="14" count="2" type="stmt"/>
        <line num="17" count="12" type="stmt"/>
        <line num="19" count="7" type="cond" truecount="2" falsecount="0"/>
        <line num="20" count="6" type="cond" truecount="2" falsecount="0"/>
        <line num="21" count="3" type="stmt"/>
        <line num="23" count="3" type="stmt"/>
        <line num="25" count="1" type="stmt"/>
        <line num="27" count="4" type="stmt"/>
        <line num="31" count="2" type="stmt"/>
        <line num="32" count="3" type="stmt"/>
      </file>
    </package>
  </project>
</coverage>
