{"D:\\作品\\javascrpit庫\\privateJs\\packages\\core\\src\\inherit\\index.ts": {"path":"D:\\作品\\javascrpit庫\\privateJs\\packages\\core\\src\\inherit\\index.ts","statementMap":{"0":{"start":{"line":1,"column":0},"end":{"line":1,"column":64}},"1":{"start":{"line":2,"column":0},"end":{"line":2,"column":48}},"2":{"start":{"line":3,"column":0},"end":{"line":3,"column":41}},"3":{"start":{"line":5,"column":13},"end":{"line":15,"column":null}},"4":{"start":{"line":6,"column":21},"end":{"line":6,"column":41}},"5":{"start":{"line":7,"column":4},"end":{"line":13,"column":null}},"6":{"start":{"line":8,"column":8},"end":{"line":12,"column":null}},"7":{"start":{"line":9,"column":12},"end":{"line":11,"column":null}},"8":{"start":{"line":10,"column":16},"end":{"line":10,"column":null}},"9":{"start":{"line":14,"column":4},"end":{"line":14,"column":33}}},"fnMap":{"0":{"name":"(anonymous_0)","decl":{"start":{"line":5,"column":23},"end":{"line":5,"column":24}},"loc":{"start":{"line":5,"column":57},"end":{"line":15,"column":1}}}},"branchMap":{"0":{"loc":{"start":{"line":8,"column":8},"end":{"line":12,"column":null}},"type":"if","locations":[{"start":{"line":8,"column":8},"end":{"line":12,"column":null}},{"start":{"line":8,"column":8},"end":{"line":12,"column":null}}]},"1":{"loc":{"start":{"line":9,"column":12},"end":{"line":11,"column":null}},"type":"if","locations":[{"start":{"line":9,"column":12},"end":{"line":11,"column":null}},{"start":{"line":9,"column":12},"end":{"line":11,"column":null}}]}},"s":{"0":1,"1":1,"2":1,"3":1,"4":1,"5":1,"6":3,"7":2,"8":1,"9":1},"f":{"0":1},"b":{"0":[2,1],"1":[1,1]}}
,"D:\\作品\\javascrpit庫\\privateJs\\packages\\core\\src\\instance\\body.ts": {"path":"D:\\作品\\javascrpit庫\\privateJs\\packages\\core\\src\\instance\\body.ts","statementMap":{"0":{"start":{"line":2,"column":0},"end":{"line":2,"column":38}},"1":{"start":{"line":5,"column":29},"end":{"line":5,"column":35}},"2":{"start":{"line":6,"column":17},"end":{"line":6,"column":36}},"3":{"start":{"line":7,"column":2},"end":{"line":9,"column":null}},"4":{"start":{"line":8,"column":6},"end":{"line":8,"column":37}},"5":{"start":{"line":10,"column":2},"end":{"line":12,"column":null}},"6":{"start":{"line":11,"column":6},"end":{"line":11,"column":35}},"7":{"start":{"line":13,"column":2},"end":{"line":13,"column":16}},"8":{"start":{"line":4,"column":0},"end":{"line":4,"column":16}},"9":{"start":{"line":16,"column":13},"end":{"line":18,"column":null}},"10":{"start":{"line":17,"column":2},"end":{"line":17,"column":38}}},"fnMap":{"0":{"name":"OOClass","decl":{"start":{"line":4,"column":16},"end":{"line":4,"column":23}},"loc":{"start":{"line":4,"column":38},"end":{"line":14,"column":1}}},"1":{"name":"(anonymous_1)","decl":{"start":{"line":16,"column":24},"end":{"line":16,"column":25}},"loc":{"start":{"line":16,"column":42},"end":{"line":18,"column":1}}}},"branchMap":{},"s":{"0":2,"1":4,"2":4,"3":4,"4":5,"5":4,"6":7,"7":4,"8":2,"9":2,"10":1},"f":{"0":4,"1":1},"b":{}}
,"D:\\作品\\javascrpit庫\\privateJs\\packages\\core\\src\\instance\\help.ts": {"path":"D:\\作品\\javascrpit庫\\privateJs\\packages\\core\\src\\instance\\help.ts","statementMap":{"0":{"start":{"line":6,"column":4},"end":{"line":14,"column":null}},"1":{"start":{"line":11,"column":8},"end":{"line":11,"column":47}},"2":{"start":{"line":13,"column":8},"end":{"line":13,"column":37}},"3":{"start":{"line":5,"column":0},"end":{"line":5,"column":16}},"4":{"start":{"line":19,"column":4},"end":{"line":21,"column":null}},"5":{"start":{"line":20,"column":8},"end":{"line":20,"column":65}},"6":{"start":{"line":18,"column":0},"end":{"line":18,"column":16}},"7":{"start":{"line":24,"column":13},"end":{"line":26,"column":null}},"8":{"start":{"line":25,"column":4},"end":{"line":25,"column":36}},"9":{"start":{"line":28,"column":13},"end":{"line":38,"column":null}},"10":{"start":{"line":29,"column":22},"end":{"line":29,"column":29}},"11":{"start":{"line":30,"column":21},"end":{"line":30,"column":28}},"12":{"start":{"line":31,"column":4},"end":{"line":36,"column":null}},"13":{"start":{"line":33,"column":8},"end":{"line":33,"column":null}},"14":{"start":{"line":35,"column":8},"end":{"line":35,"column":36}},"15":{"start":{"line":37,"column":4},"end":{"line":37,"column":75}}},"fnMap":{"0":{"name":"_instanceof","decl":{"start":{"line":5,"column":16},"end":{"line":5,"column":27}},"loc":{"start":{"line":5,"column":39},"end":{"line":15,"column":1}}},"1":{"name":"_classCallCheck","decl":{"start":{"line":18,"column":16},"end":{"line":18,"column":31}},"loc":{"start":{"line":18,"column":53},"end":{"line":22,"column":1}}},"2":{"name":"(anonymous_2)","decl":{"start":{"line":24,"column":25},"end":{"line":24,"column":26}},"loc":{"start":{"line":24,"column":46},"end":{"line":26,"column":1}}},"3":{"name":"(anonymous_3)","decl":{"start":{"line":28,"column":27},"end":{"line":28,"column":28}},"loc":{"start":{"line":28,"column":44},"end":{"line":38,"column":1}}}},"branchMap":{"0":{"loc":{"start":{"line":6,"column":4},"end":{"line":14,"column":null}},"type":"if","locations":[{"start":{"line":6,"column":4},"end":{"line":14,"column":null}},{"start":{"line":6,"column":4},"end":{"line":14,"column":null}}]},"1":{"loc":{"start":{"line":7,"column":8},"end":{"line":7,"column":21}},"type":"binary-expr","locations":[{"start":{"line":7,"column":8},"end":{"line":7,"column":21}},{"start":{"line":8,"column":8},"end":{"line":8,"column":37}},{"start":{"line":9,"column":8},"end":{"line":9,"column":33}}]},"2":{"loc":{"start":{"line":19,"column":4},"end":{"line":21,"column":null}},"type":"if","locations":[{"start":{"line":19,"column":4},"end":{"line":21,"column":null}},{"start":{"line":19,"column":4},"end":{"line":21,"column":null}}]},"3":{"loc":{"start":{"line":31,"column":4},"end":{"line":36,"column":null}},"type":"if","locations":[{"start":{"line":31,"column":4},"end":{"line":36,"column":null}},{"start":{"line":31,"column":4},"end":{"line":36,"column":null}}]},"4":{"loc":{"start":{"line":37,"column":11},"end":{"line":37,"column":40}},"type":"binary-expr","locations":[{"start":{"line":37,"column":11},"end":{"line":37,"column":40}},{"start":{"line":37,"column":44},"end":{"line":37,"column":74}}]}},"s":{"0":0,"1":0,"2":0,"3":2,"4":0,"5":0,"6":2,"7":2,"8":9,"9":2,"10":2,"11":2,"12":2,"13":0,"14":2,"15":2},"f":{"0":0,"1":0,"2":9,"3":2},"b":{"0":[0,0],"1":[0,0,0],"2":[0,0],"3":[0,2],"4":[2,2]}}
,"D:\\作品\\javascrpit庫\\privateJs\\packages\\core\\src\\instance\\private.ts": {"path":"D:\\作品\\javascrpit庫\\privateJs\\packages\\core\\src\\instance\\private.ts","statementMap":{"0":{"start":{"line":1,"column":0},"end":{"line":1,"column":33}},"1":{"start":{"line":4,"column":4},"end":{"line":10,"column":null}},"2":{"start":{"line":5,"column":8},"end":{"line":9,"column":null}},"3":{"start":{"line":6,"column":12},"end":{"line":6,"column":66}},"4":{"start":{"line":8,"column":12},"end":{"line":8,"column":36}},"5":{"start":{"line":11,"column":4},"end":{"line":11,"column":19}},"6":{"start":{"line":14,"column":23},"end":{"line":29,"column":null}},"7":{"start":{"line":17,"column":8},"end":{"line":17,"column":46}},"8":{"start":{"line":19,"column":8},"end":{"line":26,"column":null}},"9":{"start":{"line":20,"column":12},"end":{"line":22,"column":null}},"10":{"start":{"line":21,"column":16},"end":{"line":21,"column":69}},"11":{"start":{"line":23,"column":12},"end":{"line":23,"column":null}},"12":{"start":{"line":25,"column":12},"end":{"line":25,"column":null}},"13":{"start":{"line":27,"column":8},"end":{"line":27,"column":54}},"14":{"start":{"line":31,"column":13},"end":{"line":33,"column":null}},"15":{"start":{"line":32,"column":4},"end":{"line":32,"column":46}}},"fnMap":{"0":{"name":"realPropKey","decl":{"start":{"line":3,"column":9},"end":{"line":3,"column":20}},"loc":{"start":{"line":3,"column":43},"end":{"line":12,"column":1}}},"1":{"name":"(anonymous_1)","decl":{"start":{"line":15,"column":8},"end":{"line":15,"column":18}},"loc":{"start":{"line":15,"column":55},"end":{"line":28,"column":5}}},"2":{"name":"(anonymous_2)","decl":{"start":{"line":31,"column":26},"end":{"line":31,"column":27}},"loc":{"start":{"line":31,"column":41},"end":{"line":33,"column":1}}}},"branchMap":{"0":{"loc":{"start":{"line":4,"column":4},"end":{"line":10,"column":null}},"type":"if","locations":[{"start":{"line":4,"column":4},"end":{"line":10,"column":null}},{"start":{"line":4,"column":4},"end":{"line":10,"column":null}}]},"1":{"loc":{"start":{"line":5,"column":8},"end":{"line":9,"column":null}},"type":"if","locations":[{"start":{"line":5,"column":8},"end":{"line":9,"column":null}},{"start":{"line":5,"column":8},"end":{"line":9,"column":null}}]},"2":{"loc":{"start":{"line":19,"column":8},"end":{"line":26,"column":null}},"type":"if","locations":[{"start":{"line":19,"column":8},"end":{"line":26,"column":null}},{"start":{"line":19,"column":8},"end":{"line":26,"column":null}}]},"3":{"loc":{"start":{"line":20,"column":12},"end":{"line":22,"column":null}},"type":"if","locations":[{"start":{"line":20,"column":12},"end":{"line":22,"column":null}},{"start":{"line":20,"column":12},"end":{"line":22,"column":null}}]}},"s":{"0":2,"1":12,"2":9,"3":5,"4":4,"5":7,"6":2,"7":12,"8":7,"9":6,"10":3,"11":3,"12":1,"13":4,"14":2,"15":3},"f":{"0":12,"1":12,"2":3},"b":{"0":[9,3],"1":[5,4],"2":[6,1],"3":[3,3]}}
}
