{"D:\\作品\\javascrpit庫\\privateJs\\packages\\core\\src\\inherit\\index.ts": {"path":"D:\\作品\\javascrpit庫\\privateJs\\packages\\core\\src\\inherit\\index.ts","statementMap":{"0":{"start":{"line":1,"column":0},"end":{"line":1,"column":64}},"1":{"start":{"line":2,"column":0},"end":{"line":2,"column":46}},"2":{"start":{"line":3,"column":0},"end":{"line":3,"column":41}},"3":{"start":{"line":5,"column":13},"end":{"line":13,"column":null}},"4":{"start":{"line":6,"column":21},"end":{"line":6,"column":41}},"5":{"start":{"line":7,"column":4},"end":{"line":11,"column":null}},"6":{"start":{"line":8,"column":8},"end":{"line":10,"column":null}},"7":{"start":{"line":9,"column":12},"end":{"line":9,"column":null}},"8":{"start":{"line":12,"column":4},"end":{"line":12,"column":33}}},"fnMap":{"0":{"name":"(anonymous_0)","decl":{"start":{"line":5,"column":23},"end":{"line":5,"column":24}},"loc":{"start":{"line":5,"column":57},"end":{"line":13,"column":1}}}},"branchMap":{"0":{"loc":{"start":{"line":8,"column":8},"end":{"line":10,"column":null}},"type":"if","locations":[{"start":{"line":8,"column":8},"end":{"line":10,"column":null}},{"start":{"line":8,"column":8},"end":{"line":10,"column":null}}]},"1":{"loc":{"start":{"line":8,"column":11},"end":{"line":8,"column":42}},"type":"binary-expr","locations":[{"start":{"line":8,"column":11},"end":{"line":8,"column":42}},{"start":{"line":8,"column":46},"end":{"line":8,"column":82}}]}},"s":{"0":1,"1":1,"2":1,"3":1,"4":1,"5":1,"6":3,"7":1,"8":1},"f":{"0":1},"b":{"0":[1,2],"1":[3,2]}}
,"D:\\作品\\javascrpit庫\\privateJs\\packages\\core\\src\\instance\\body.ts": {"path":"D:\\作品\\javascrpit庫\\privateJs\\packages\\core\\src\\instance\\body.ts","statementMap":{"0":{"start":{"line":2,"column":0},"end":{"line":2,"column":36}},"1":{"start":{"line":5,"column":29},"end":{"line":5,"column":35}},"2":{"start":{"line":6,"column":17},"end":{"line":6,"column":36}},"3":{"start":{"line":7,"column":2},"end":{"line":9,"column":null}},"4":{"start":{"line":8,"column":6},"end":{"line":8,"column":37}},"5":{"start":{"line":10,"column":2},"end":{"line":12,"column":null}},"6":{"start":{"line":11,"column":6},"end":{"line":11,"column":35}},"7":{"start":{"line":13,"column":2},"end":{"line":13,"column":16}},"8":{"start":{"line":4,"column":0},"end":{"line":4,"column":16}},"9":{"start":{"line":16,"column":13},"end":{"line":18,"column":null}},"10":{"start":{"line":17,"column":2},"end":{"line":17,"column":38}}},"fnMap":{"0":{"name":"OOClass","decl":{"start":{"line":4,"column":16},"end":{"line":4,"column":23}},"loc":{"start":{"line":4,"column":38},"end":{"line":14,"column":1}}},"1":{"name":"(anonymous_1)","decl":{"start":{"line":16,"column":24},"end":{"line":16,"column":25}},"loc":{"start":{"line":16,"column":42},"end":{"line":18,"column":1}}}},"branchMap":{},"s":{"0":2,"1":5,"2":5,"3":5,"4":7,"5":5,"6":9,"7":5,"8":2,"9":2,"10":1},"f":{"0":5,"1":1},"b":{}}
,"D:\\作品\\javascrpit庫\\privateJs\\packages\\core\\src\\instance\\help.ts": {"path":"D:\\作品\\javascrpit庫\\privateJs\\packages\\core\\src\\instance\\help.ts","statementMap":{"0":{"start":{"line":6,"column":4},"end":{"line":14,"column":null}},"1":{"start":{"line":11,"column":8},"end":{"line":11,"column":47}},"2":{"start":{"line":13,"column":8},"end":{"line":13,"column":37}},"3":{"start":{"line":5,"column":0},"end":{"line":5,"column":16}},"4":{"start":{"line":19,"column":4},"end":{"line":21,"column":null}},"5":{"start":{"line":20,"column":8},"end":{"line":20,"column":65}},"6":{"start":{"line":18,"column":0},"end":{"line":18,"column":16}},"7":{"start":{"line":24,"column":23},"end":{"line":26,"column":1}},"8":{"start":{"line":25,"column":4},"end":{"line":25,"column":35}},"9":{"start":{"line":28,"column":13},"end":{"line":38,"column":null}},"10":{"start":{"line":29,"column":22},"end":{"line":29,"column":29}},"11":{"start":{"line":30,"column":21},"end":{"line":30,"column":28}},"12":{"start":{"line":31,"column":4},"end":{"line":36,"column":null}},"13":{"start":{"line":33,"column":8},"end":{"line":33,"column":null}},"14":{"start":{"line":35,"column":8},"end":{"line":35,"column":36}},"15":{"start":{"line":37,"column":4},"end":{"line":37,"column":77}},"16":{"start":{"line":39,"column":13},"end":{"line":42,"column":null}},"17":{"start":{"line":40,"column":20},"end":{"line":40,"column":47}},"18":{"start":{"line":41,"column":4},"end":{"line":41,"column":35}},"19":{"start":{"line":45,"column":4},"end":{"line":47,"column":null}},"20":{"start":{"line":46,"column":8},"end":{"line":46,"column":23}},"21":{"start":{"line":48,"column":4},"end":{"line":50,"column":null}},"22":{"start":{"line":49,"column":8},"end":{"line":49,"column":29}},"23":{"start":{"line":51,"column":4},"end":{"line":51,"column":null}},"24":{"start":{"line":44,"column":0},"end":{"line":44,"column":16}}},"fnMap":{"0":{"name":"_instanceof","decl":{"start":{"line":5,"column":16},"end":{"line":5,"column":27}},"loc":{"start":{"line":5,"column":51},"end":{"line":15,"column":1}}},"1":{"name":"_classCallCheck","decl":{"start":{"line":18,"column":16},"end":{"line":18,"column":31}},"loc":{"start":{"line":18,"column":53},"end":{"line":22,"column":1}}},"2":{"name":"(anonymous_2)","decl":{"start":{"line":24,"column":23},"end":{"line":24,"column":24}},"loc":{"start":{"line":24,"column":43},"end":{"line":26,"column":1}}},"3":{"name":"(anonymous_3)","decl":{"start":{"line":28,"column":27},"end":{"line":28,"column":28}},"loc":{"start":{"line":28,"column":64},"end":{"line":38,"column":1}}},"4":{"name":"(anonymous_4)","decl":{"start":{"line":39,"column":25},"end":{"line":39,"column":26}},"loc":{"start":{"line":39,"column":63},"end":{"line":42,"column":1}}},"5":{"name":"realPropKey","decl":{"start":{"line":44,"column":16},"end":{"line":44,"column":27}},"loc":{"start":{"line":44,"column":53},"end":{"line":52,"column":1}}}},"branchMap":{"0":{"loc":{"start":{"line":6,"column":4},"end":{"line":14,"column":null}},"type":"if","locations":[{"start":{"line":6,"column":4},"end":{"line":14,"column":null}},{"start":{"line":6,"column":4},"end":{"line":14,"column":null}}]},"1":{"loc":{"start":{"line":7,"column":8},"end":{"line":7,"column":21}},"type":"binary-expr","locations":[{"start":{"line":7,"column":8},"end":{"line":7,"column":21}},{"start":{"line":8,"column":8},"end":{"line":8,"column":37}},{"start":{"line":9,"column":8},"end":{"line":9,"column":33}}]},"2":{"loc":{"start":{"line":19,"column":4},"end":{"line":21,"column":null}},"type":"if","locations":[{"start":{"line":19,"column":4},"end":{"line":21,"column":null}},{"start":{"line":19,"column":4},"end":{"line":21,"column":null}}]},"3":{"loc":{"start":{"line":31,"column":4},"end":{"line":36,"column":null}},"type":"if","locations":[{"start":{"line":31,"column":4},"end":{"line":36,"column":null}},{"start":{"line":31,"column":4},"end":{"line":36,"column":null}}]},"4":{"loc":{"start":{"line":37,"column":11},"end":{"line":37,"column":41}},"type":"binary-expr","locations":[{"start":{"line":37,"column":11},"end":{"line":37,"column":41}},{"start":{"line":37,"column":45},"end":{"line":37,"column":76}}]},"5":{"loc":{"start":{"line":45,"column":4},"end":{"line":47,"column":null}},"type":"if","locations":[{"start":{"line":45,"column":4},"end":{"line":47,"column":null}},{"start":{"line":45,"column":4},"end":{"line":47,"column":null}}]},"6":{"loc":{"start":{"line":48,"column":4},"end":{"line":50,"column":null}},"type":"if","locations":[{"start":{"line":48,"column":4},"end":{"line":50,"column":null}},{"start":{"line":48,"column":4},"end":{"line":50,"column":null}}]}},"s":{"0":0,"1":0,"2":0,"3":2,"4":0,"5":0,"6":2,"7":2,"8":11,"9":2,"10":11,"11":11,"12":11,"13":0,"14":11,"15":11,"16":2,"17":11,"18":11,"19":23,"20":13,"21":10,"22":7,"23":3,"24":2},"f":{"0":0,"1":0,"2":11,"3":11,"4":11,"5":23},"b":{"0":[0,0],"1":[0,0,0],"2":[0,0],"3":[0,11],"4":[11,9],"5":[13,10],"6":[7,3]}}
,"D:\\作品\\javascrpit庫\\privateJs\\packages\\core\\src\\instance\\proxy.ts": {"path":"D:\\作品\\javascrpit庫\\privateJs\\packages\\core\\src\\instance\\proxy.ts","statementMap":{"0":{"start":{"line":1,"column":0},"end":{"line":1,"column":58}},"1":{"start":{"line":4,"column":23},"end":{"line":28,"column":null}},"2":{"start":{"line":7,"column":8},"end":{"line":7,"column":46}},"3":{"start":{"line":9,"column":8},"end":{"line":16,"column":null}},"4":{"start":{"line":10,"column":12},"end":{"line":12,"column":null}},"5":{"start":{"line":11,"column":16},"end":{"line":11,"column":69}},"6":{"start":{"line":13,"column":12},"end":{"line":13,"column":null}},"7":{"start":{"line":15,"column":12},"end":{"line":15,"column":null}},"8":{"start":{"line":17,"column":8},"end":{"line":17,"column":54}},"9":{"start":{"line":20,"column":8},"end":{"line":22,"column":null}},"10":{"start":{"line":21,"column":12},"end":{"line":21,"column":69}},"11":{"start":{"line":23,"column":8},"end":{"line":25,"column":null}},"12":{"start":{"line":24,"column":12},"end":{"line":24,"column":64}},"13":{"start":{"line":26,"column":8},"end":{"line":26,"column":20}},"14":{"start":{"line":30,"column":13},"end":{"line":32,"column":null}},"15":{"start":{"line":31,"column":4},"end":{"line":31,"column":46}}},"fnMap":{"0":{"name":"(anonymous_0)","decl":{"start":{"line":5,"column":8},"end":{"line":5,"column":18}},"loc":{"start":{"line":5,"column":58},"end":{"line":18,"column":5}}},"1":{"name":"(anonymous_1)","decl":{"start":{"line":19,"column":8},"end":{"line":19,"column":17}},"loc":{"start":{"line":19,"column":67},"end":{"line":27,"column":5}}},"2":{"name":"(anonymous_2)","decl":{"start":{"line":30,"column":26},"end":{"line":30,"column":27}},"loc":{"start":{"line":30,"column":41},"end":{"line":32,"column":1}}}},"branchMap":{"0":{"loc":{"start":{"line":9,"column":8},"end":{"line":16,"column":null}},"type":"if","locations":[{"start":{"line":9,"column":8},"end":{"line":16,"column":null}},{"start":{"line":9,"column":8},"end":{"line":16,"column":null}}]},"1":{"loc":{"start":{"line":10,"column":12},"end":{"line":12,"column":null}},"type":"if","locations":[{"start":{"line":10,"column":12},"end":{"line":12,"column":null}},{"start":{"line":10,"column":12},"end":{"line":12,"column":null}}]},"2":{"loc":{"start":{"line":20,"column":8},"end":{"line":22,"column":null}},"type":"if","locations":[{"start":{"line":20,"column":8},"end":{"line":22,"column":null}},{"start":{"line":20,"column":8},"end":{"line":22,"column":null}}]},"3":{"loc":{"start":{"line":23,"column":8},"end":{"line":25,"column":null}},"type":"if","locations":[{"start":{"line":23,"column":8},"end":{"line":25,"column":null}},{"start":{"line":23,"column":8},"end":{"line":25,"column":null}}]}},"s":{"0":2,"1":2,"2":12,"3":9,"4":7,"5":4,"6":3,"7":2,"8":5,"9":2,"10":1,"11":1,"12":1,"13":0,"14":2,"15":4},"f":{"0":12,"1":2,"2":4},"b":{"0":[7,2],"1":[4,3],"2":[1,1],"3":[1,0]}}
}
