TN:
SF:src\inherit\index.ts
FN:5,(anonymous_0)
FNF:1
FNH:1
FNDA:1,(anonymous_0)
DA:1,1
DA:2,1
DA:3,1
DA:5,1
DA:6,1
DA:7,1
DA:8,3
DA:9,2
DA:10,1
DA:14,1
LF:10
LH:10
BRDA:8,0,0,2
BRDA:8,0,1,1
BRDA:9,1,0,1
BRDA:9,1,1,1
BRF:4
BRH:4
end_of_record
TN:
SF:src\instance\body.ts
FN:4,OOClass
FN:16,(anonymous_1)
FNF:2
FNH:2
FNDA:4,OOClass
FNDA:1,(anonymous_1)
DA:2,2
DA:4,2
DA:5,4
DA:6,4
DA:7,4
DA:8,5
DA:10,4
DA:11,7
DA:13,4
DA:16,2
DA:17,1
LF:11
LH:11
BRF:0
BRH:0
end_of_record
TN:
SF:src\instance\help.ts
FN:5,_instanceof
FN:18,_classCallCheck
FN:24,(anonymous_2)
FN:28,(anonymous_3)
FNF:4
FNH:2
FNDA:0,_instanceof
FNDA:0,_classCallCheck
FNDA:9,(anonymous_2)
FNDA:2,(anonymous_3)
DA:5,2
DA:6,0
DA:11,0
DA:13,0
DA:18,2
DA:19,0
DA:20,0
DA:24,2
DA:25,9
DA:28,2
DA:29,2
DA:30,2
DA:31,2
DA:33,0
DA:35,2
DA:37,2
LF:16
LH:10
BRDA:6,0,0,0
BRDA:6,0,1,0
BRDA:7,1,0,0
BRDA:7,1,1,0
BRDA:7,1,2,0
BRDA:19,2,0,0
BRDA:19,2,1,0
BRDA:31,3,0,0
BRDA:31,3,1,2
BRDA:37,4,0,2
BRDA:37,4,1,2
BRF:11
BRH:3
end_of_record
TN:
SF:src\instance\private.ts
FN:3,realPropKey
FN:15,(anonymous_1)
FN:31,(anonymous_2)
FNF:3
FNH:3
FNDA:12,realPropKey
FNDA:12,(anonymous_1)
FNDA:3,(anonymous_2)
DA:1,2
DA:4,12
DA:5,9
DA:6,5
DA:8,4
DA:11,7
DA:14,2
DA:17,12
DA:19,7
DA:20,6
DA:21,3
DA:23,3
DA:25,1
DA:27,4
DA:31,2
DA:32,3
LF:16
LH:16
BRDA:4,0,0,9
BRDA:4,0,1,3
BRDA:5,1,0,5
BRDA:5,1,1,4
BRDA:19,2,0,6
BRDA:19,2,1,1
BRDA:20,3,0,3
BRDA:20,3,1,3
BRF:8
BRH:8
end_of_record
