TN:
SF:src\inherit\index.ts
FN:5,(anonymous_0)
FNF:1
FNH:1
FNDA:1,(anonymous_0)
DA:1,1
DA:2,1
DA:3,1
DA:5,1
DA:6,1
DA:7,1
DA:8,3
DA:9,1
DA:12,1
LF:9
LH:9
BRDA:8,0,0,1
BRDA:8,0,1,2
BRDA:8,1,0,3
BRDA:8,1,1,2
BRF:4
BRH:4
end_of_record
TN:
SF:src\instance\body.ts
FN:4,OOClass
FN:16,(anonymous_1)
FNF:2
FNH:2
FNDA:5,OOClass
FNDA:1,(anonymous_1)
DA:2,2
DA:4,2
DA:5,5
DA:6,5
DA:7,5
DA:8,7
DA:10,5
DA:11,9
DA:13,5
DA:16,2
DA:17,1
LF:11
LH:11
BRF:0
BRH:0
end_of_record
TN:
SF:src\instance\help.ts
FN:5,_instanceof
FN:18,_classCallCheck
FN:24,(anonymous_2)
FN:28,(anonymous_3)
FN:39,(anonymous_4)
FN:44,realPropKey
FNF:6
FNH:4
FNDA:0,_instanceof
FNDA:0,_classCallCheck
FNDA:11,(anonymous_2)
FNDA:11,(anonymous_3)
FNDA:11,(anonymous_4)
FNDA:23,realPropKey
DA:5,2
DA:6,0
DA:11,0
DA:13,0
DA:18,2
DA:19,0
DA:20,0
DA:24,2
DA:25,11
DA:28,2
DA:29,11
DA:30,11
DA:31,11
DA:33,0
DA:35,11
DA:37,11
DA:39,2
DA:40,11
DA:41,11
DA:44,2
DA:45,23
DA:46,13
DA:48,10
DA:49,7
DA:51,3
LF:25
LH:19
BRDA:6,0,0,0
BRDA:6,0,1,0
BRDA:7,1,0,0
BRDA:7,1,1,0
BRDA:7,1,2,0
BRDA:19,2,0,0
BRDA:19,2,1,0
BRDA:31,3,0,0
BRDA:31,3,1,11
BRDA:37,4,0,11
BRDA:37,4,1,9
BRDA:45,5,0,13
BRDA:45,5,1,10
BRDA:48,6,0,7
BRDA:48,6,1,3
BRF:15
BRH:7
end_of_record
TN:
SF:src\instance\proxy.ts
FN:5,(anonymous_0)
FN:19,(anonymous_1)
FN:30,(anonymous_2)
FNF:3
FNH:3
FNDA:12,(anonymous_0)
FNDA:2,(anonymous_1)
FNDA:4,(anonymous_2)
DA:1,2
DA:4,2
DA:7,12
DA:9,9
DA:10,7
DA:11,4
DA:13,3
DA:15,2
DA:17,5
DA:20,2
DA:21,1
DA:23,1
DA:24,1
DA:26,0
DA:30,2
DA:31,4
LF:16
LH:15
BRDA:9,0,0,7
BRDA:9,0,1,2
BRDA:10,1,0,4
BRDA:10,1,1,3
BRDA:20,2,0,1
BRDA:20,2,1,1
BRDA:23,3,0,1
BRDA:23,3,1,0
BRF:8
BRH:7
end_of_record
