{"D:\\作品\\javascrpit庫\\privateJs\\packages\\privateHandle\\src\\prop-manager\\index.ts": {"path":"D:\\作品\\javascrpit庫\\privateJs\\packages\\privateHandle\\src\\prop-manager\\index.ts","statementMap":{"0":{"start":{"line":1,"column":0},"end":{"line":1,"column":63}},"1":{"start":{"line":4,"column":4},"end":{"line":4,"column":25}},"2":{"start":{"line":5,"column":4},"end":{"line":5,"column":23}},"3":{"start":{"line":6,"column":4},"end":{"line":6,"column":28}},"4":{"start":{"line":41,"column":8},"end":{"line":41,"column":19}},"5":{"start":{"line":8,"column":0},"end":{"line":10,"column":null}},"6":{"start":{"line":9,"column":4},"end":{"line":9,"column":29}},"7":{"start":{"line":11,"column":0},"end":{"line":13,"column":null}},"8":{"start":{"line":12,"column":4},"end":{"line":12,"column":30}},"9":{"start":{"line":14,"column":0},"end":{"line":21,"column":null}},"10":{"start":{"line":15,"column":19},"end":{"line":15,"column":29}},"11":{"start":{"line":16,"column":27},"end":{"line":16,"column":36}},"12":{"start":{"line":17,"column":4},"end":{"line":19,"column":null}},"13":{"start":{"line":18,"column":8},"end":{"line":18,"column":22}},"14":{"start":{"line":20,"column":4},"end":{"line":20,"column":20}},"15":{"start":{"line":22,"column":0},"end":{"line":24,"column":null}},"16":{"start":{"line":23,"column":4},"end":{"line":23,"column":null}},"17":{"start":{"line":26,"column":0},"end":{"line":28,"column":null}},"18":{"start":{"line":27,"column":4},"end":{"line":27,"column":42}},"19":{"start":{"line":29,"column":0},"end":{"line":31,"column":null}},"20":{"start":{"line":30,"column":4},"end":{"line":30,"column":40}},"21":{"start":{"line":34,"column":0},"end":{"line":38,"column":null}},"22":{"start":{"line":35,"column":27},"end":{"line":35,"column":51}},"23":{"start":{"line":36,"column":4},"end":{"line":36,"column":27}},"24":{"start":{"line":37,"column":4},"end":{"line":37,"column":26}}},"fnMap":{"0":{"name":"PropManager","decl":{"start":{"line":3,"column":9},"end":{"line":3,"column":20}},"loc":{"start":{"line":3,"column":36},"end":{"line":7,"column":1}}},"1":{"name":"(anonymous_1)","decl":{"start":{"line":8,"column":40},"end":{"line":8,"column":null}},"loc":{"start":{"line":8,"column":40},"end":{"line":10,"column":1}}},"2":{"name":"(anonymous_2)","decl":{"start":{"line":11,"column":41},"end":{"line":11,"column":null}},"loc":{"start":{"line":11,"column":41},"end":{"line":13,"column":1}}},"3":{"name":"(anonymous_3)","decl":{"start":{"line":14,"column":30},"end":{"line":14,"column":null}},"loc":{"start":{"line":14,"column":30},"end":{"line":21,"column":1}}},"4":{"name":"(anonymous_4)","decl":{"start":{"line":22,"column":37},"end":{"line":22,"column":46}},"loc":{"start":{"line":22,"column":61},"end":{"line":24,"column":1}}},"5":{"name":"(anonymous_5)","decl":{"start":{"line":26,"column":36},"end":{"line":26,"column":45}},"loc":{"start":{"line":26,"column":60},"end":{"line":28,"column":1}}},"6":{"name":"(anonymous_6)","decl":{"start":{"line":29,"column":34},"end":{"line":29,"column":43}},"loc":{"start":{"line":29,"column":58},"end":{"line":31,"column":1}}},"7":{"name":"(anonymous_7)","decl":{"start":{"line":34,"column":21},"end":{"line":34,"column":30}},"loc":{"start":{"line":34,"column":45},"end":{"line":38,"column":1}}}},"branchMap":{},"s":{"0":1,"1":1,"2":1,"3":1,"4":1,"5":1,"6":0,"7":1,"8":0,"9":1,"10":1,"11":1,"12":1,"13":2,"14":1,"15":1,"16":1,"17":1,"18":2,"19":1,"20":2,"21":1,"22":1,"23":1,"24":1},"f":{"0":1,"1":0,"2":0,"3":1,"4":1,"5":2,"6":2,"7":1},"b":{}}
,"D:\\作品\\javascrpit庫\\privateJs\\packages\\privateHandle\\src\\prop-manager\\textCheck.ts": {"path":"D:\\作品\\javascrpit庫\\privateJs\\packages\\privateHandle\\src\\prop-manager\\textCheck.ts","statementMap":{"0":{"start":{"line":1,"column":23},"end":{"line":3,"column":1}},"1":{"start":{"line":2,"column":4},"end":{"line":2,"column":36}},"2":{"start":{"line":5,"column":13},"end":{"line":15,"column":null}},"3":{"start":{"line":6,"column":22},"end":{"line":6,"column":29}},"4":{"start":{"line":7,"column":21},"end":{"line":7,"column":28}},"5":{"start":{"line":8,"column":4},"end":{"line":13,"column":null}},"6":{"start":{"line":10,"column":8},"end":{"line":10,"column":null}},"7":{"start":{"line":12,"column":8},"end":{"line":12,"column":36}},"8":{"start":{"line":14,"column":4},"end":{"line":14,"column":69}},"9":{"start":{"line":17,"column":13},"end":{"line":25,"column":null}},"10":{"start":{"line":18,"column":4},"end":{"line":20,"column":null}},"11":{"start":{"line":19,"column":8},"end":{"line":19,"column":null}},"12":{"start":{"line":21,"column":4},"end":{"line":23,"column":null}},"13":{"start":{"line":22,"column":8},"end":{"line":22,"column":51}},"14":{"start":{"line":24,"column":4},"end":{"line":24,"column":25}},"15":{"start":{"line":27,"column":13},"end":{"line":33,"column":null}},"16":{"start":{"line":28,"column":4},"end":{"line":30,"column":null}},"17":{"start":{"line":29,"column":8},"end":{"line":29,"column":null}},"18":{"start":{"line":31,"column":20},"end":{"line":31,"column":51}},"19":{"start":{"line":32,"column":4},"end":{"line":32,"column":35}}},"fnMap":{"0":{"name":"(anonymous_0)","decl":{"start":{"line":1,"column":23},"end":{"line":1,"column":24}},"loc":{"start":{"line":1,"column":44},"end":{"line":3,"column":1}}},"1":{"name":"(anonymous_1)","decl":{"start":{"line":5,"column":27},"end":{"line":5,"column":28}},"loc":{"start":{"line":5,"column":68},"end":{"line":15,"column":1}}},"2":{"name":"(anonymous_2)","decl":{"start":{"line":17,"column":27},"end":{"line":17,"column":28}},"loc":{"start":{"line":17,"column":76},"end":{"line":25,"column":1}}},"3":{"name":"(anonymous_3)","decl":{"start":{"line":27,"column":25},"end":{"line":27,"column":26}},"loc":{"start":{"line":27,"column":75},"end":{"line":33,"column":1}}}},"branchMap":{"0":{"loc":{"start":{"line":8,"column":4},"end":{"line":13,"column":null}},"type":"if","locations":[{"start":{"line":8,"column":4},"end":{"line":13,"column":null}},{"start":{"line":8,"column":4},"end":{"line":13,"column":null}}]},"1":{"loc":{"start":{"line":14,"column":11},"end":{"line":14,"column":37}},"type":"binary-expr","locations":[{"start":{"line":14,"column":11},"end":{"line":14,"column":37}},{"start":{"line":14,"column":41},"end":{"line":14,"column":68}}]},"2":{"loc":{"start":{"line":18,"column":4},"end":{"line":20,"column":null}},"type":"if","locations":[{"start":{"line":18,"column":4},"end":{"line":20,"column":null}},{"start":{"line":18,"column":4},"end":{"line":20,"column":null}}]},"3":{"loc":{"start":{"line":21,"column":4},"end":{"line":23,"column":null}},"type":"if","locations":[{"start":{"line":21,"column":4},"end":{"line":23,"column":null}},{"start":{"line":21,"column":4},"end":{"line":23,"column":null}}]},"4":{"loc":{"start":{"line":28,"column":4},"end":{"line":30,"column":null}},"type":"if","locations":[{"start":{"line":28,"column":4},"end":{"line":30,"column":null}},{"start":{"line":28,"column":4},"end":{"line":30,"column":null}}]}},"s":{"0":1,"1":26,"2":1,"3":14,"4":14,"5":14,"6":6,"7":8,"8":14,"9":1,"10":8,"11":0,"12":8,"13":4,"14":4,"15":1,"16":4,"17":0,"18":4,"19":4},"f":{"0":26,"1":14,"2":8,"3":4},"b":{"0":[6,8],"1":[14,7],"2":[0,8],"3":[4,4],"4":[0,4]}}
}
