TN:
SF:src\prop-manager\index.ts
FN:3,PropManager
FN:8,(anonymous_1)
FN:11,(anonymous_2)
FN:14,(anonymous_3)
FN:22,(anonymous_4)
FN:26,(anonymous_5)
FN:29,(anonymous_6)
FN:34,(anonymous_7)
FNF:8
FNH:6
FNDA:1,PropManager
FNDA:0,(anonymous_1)
FNDA:0,(anonymous_2)
FNDA:1,(anonymous_3)
FNDA:1,(anonymous_4)
FNDA:2,(anonymous_5)
FNDA:2,(anonymous_6)
FNDA:1,(anonymous_7)
DA:1,1
DA:4,1
DA:5,1
DA:6,1
DA:8,1
DA:9,0
DA:11,1
DA:12,0
DA:14,1
DA:15,1
DA:16,1
DA:17,1
DA:18,2
DA:20,1
DA:22,1
DA:23,1
DA:26,1
DA:27,2
DA:29,1
DA:30,2
DA:34,1
DA:35,1
DA:36,1
DA:37,1
DA:41,1
LF:25
LH:23
BRF:0
BRH:0
end_of_record
TN:
SF:src\prop-manager\textCheck.ts
FN:1,(anonymous_0)
FN:5,(anonymous_1)
FN:17,(anonymous_2)
FN:27,(anonymous_3)
FNF:4
FNH:4
FNDA:26,(anonymous_0)
FNDA:14,(anonymous_1)
FNDA:8,(anonymous_2)
FNDA:4,(anonymous_3)
DA:1,1
DA:2,26
DA:5,1
DA:6,14
DA:7,14
DA:8,14
DA:10,6
DA:12,8
DA:14,14
DA:17,1
DA:18,8
DA:19,0
DA:21,8
DA:22,4
DA:24,4
DA:27,1
DA:28,4
DA:29,0
DA:31,4
DA:32,4
LF:20
LH:18
BRDA:8,0,0,6
BRDA:8,0,1,8
BRDA:14,1,0,14
BRDA:14,1,1,7
BRDA:18,2,0,0
BRDA:18,2,1,8
BRDA:21,3,0,4
BRDA:21,3,1,4
BRDA:28,4,0,0
BRDA:28,4,1,4
BRF:10
BRH:8
end_of_record
